<?xml version="1.0" encoding="UTF-8"?>
<!-- Generated by org.testng.reporters.JUnitReportReporter -->
<testsuite skipped="0" hostname="Prakat-L-015" name="eQualityLab.eQualityLabs_project.Tc_001SignInpage" tests="1" failures="0" timestamp="2020-05-12T12:47:47 IST" time="10.718" errors="0">
  <testcase name="loginPage" time="10.718" classname="eQualityLab.eQualityLabs_project.Tc_001SignInpage"/>
  <system-out/>
</testsuite> <!-- eQualityLab.eQualityLabs_project.Tc_001SignInpage -->
