<?xml version="1.0" encoding="UTF-8"?>
<!-- Generated by org.testng.reporters.JUnitReportReporter -->
<testsuite skipped="0" hostname="Prakat-L-015" name="eQualityLab.eQualityLabs_project.Tc_008TestMatipleLInk" tests="1" failures="0" timestamp="2020-05-11T14:00:58 IST" time="3.719" errors="0">
  <testcase name="loginTest" time="3.719" classname="eQualityLab.eQualityLabs_project.Tc_008TestMatipleLInk"/>
  <system-out/>
</testsuite> <!-- eQualityLab.eQualityLabs_project.Tc_008TestMatipleLInk -->
