<?xml version="1.0" encoding="UTF-8"?>
<!-- Generated by org.testng.reporters.JUnitReportReporter -->
<testsuite skipped="0" hostname="Prakat-L-015" name="eQualityLab.eQualityLabs_project.TC_010Socialmedia" tests="1" failures="0" timestamp="2020-05-12T12:47:47 IST" time="0.960" errors="0">
  <testcase name="socialMediaclasses" time="0.960" classname="eQualityLab.eQualityLabs_project.TC_010Socialmedia"/>
  <system-out/>
</testsuite> <!-- eQualityLab.eQualityLabs_project.TC_010Socialmedia -->
