<?xml version="1.0" encoding="UTF-8"?>
<!-- Generated by org.testng.reporters.JUnitReportReporter -->
<testsuite skipped="0" hostname="Prakat-L-015" name="eQualityLab.eQualityLabs_project.Tc_004BusinessAccount" tests="1" failures="0" timestamp="2020-05-11T22:53:10 IST" time="1.656" errors="0">
  <testcase name="LoginTest" time="1.656" classname="eQualityLab.eQualityLabs_project.Tc_004BusinessAccount"/>
  <system-out/>
</testsuite> <!-- eQualityLab.eQualityLabs_project.Tc_004BusinessAccount -->
