<?xml version="1.0" encoding="UTF-8"?>
<!-- Generated by org.testng.reporters.JUnitReportReporter -->
<testsuite skipped="0" hostname="Prakat-L-015" name="eQualityLab.eQualityLabs_project.Tc_006Signuppage" tests="1" failures="0" timestamp="2020-05-09T20:50:57 IST" time="1.463" errors="0">
  <testcase name="Login" time="1.463" classname="eQualityLab.eQualityLabs_project.Tc_006Signuppage"/>
  <system-out/>
</testsuite> <!-- eQualityLab.eQualityLabs_project.Tc_006Signuppage -->
