<?xml version="1.0" encoding="UTF-8"?>
<!-- Generated by org.testng.reporters.JUnitReportReporter -->
<testsuite skipped="0" hostname="Prakat-L-015" name="eQualityLab.eQualityLabs_project.Tc_002Freeaccount" tests="1" failures="0" timestamp="2020-05-12T12:47:47 IST" time="1.537" errors="0">
  <testcase name="freeAccountPage" time="1.537" classname="eQualityLab.eQualityLabs_project.Tc_002Freeaccount"/>
  <system-out/>
</testsuite> <!-- eQualityLab.eQualityLabs_project.Tc_002Freeaccount -->
