<?xml version="1.0" encoding="UTF-8"?>
<!-- Generated by org.testng.reporters.JUnitReportReporter -->
<testsuite skipped="0" hostname="Prakat-L-015" name="eQualityLab.eQualityLabs_project.Tc_003Indivualaccount" tests="1" failures="0" timestamp="2020-05-12T12:47:47 IST" time="1.576" errors="0">
  <testcase name="IndivualAccountPage" time="1.576" classname="eQualityLab.eQualityLabs_project.Tc_003Indivualaccount"/>
  <system-out/>
</testsuite> <!-- eQualityLab.eQualityLabs_project.Tc_003Indivualaccount -->
