<?xml version="1.0" encoding="UTF-8"?>
<!-- Generated by org.testng.reporters.JUnitReportReporter -->
<testsuite skipped="0" hostname="DESKTOP-NUDB72B" name="eQualityLab.eQualityLabs_project.AppTest" tests="1" failures="0" timestamp="2020-05-13T13:46:17 IST" time="0.004" errors="0">
  <testcase name="testApp" time="0.004" classname="eQualityLab.eQualityLabs_project.AppTest"/>
  <system-out/>
</testsuite> <!-- eQualityLab.eQualityLabs_project.AppTest -->
